Using pre-set license
Built from '2020.2/release' branch; Version is '2020.2.0f1 (3721df5a8b28) revision 3613151'; Using compiler version '192528614'; Build Type 'Release'
OS: 'Windows 10  (10.0.0) 64bit' Language: 'en' Physical Memory: 12109 MB
BatchMode: 1, IsHumanControllingUs: 0, StartBugReporterOnCrash: 0, Is64bit: 1, IsPro: 0

 COMMAND LINE ARGUMENTS:
C:\Program Files\Unity\Hub\Editor\2020.2.0f1\Editor\Unity.exe
-adb2
-batchMode
-noUpm
-name
AssetImportWorker0
-projectPath
C:/Users/Admin PC/Desktop/GAME3110_Assignment_Server/A1_SimpleServer
-logFile
Logs/AssetImportWorker0.log
-srvPort
60738
Successfully changed project path to: C:/Users/Admin PC/Desktop/GAME3110_Assignment_Server/A1_SimpleServer
C:/Users/Admin PC/Desktop/GAME3110_Assignment_Server/A1_SimpleServer
Using Asset Import Pipeline V2.
Refreshing native plugins compatible for Editor in 52.13 ms, found 1 plugins.
Preloading 0 native plugins for Editor in 0.00 ms.
Initialize engine version: 2020.2.0f1 (3721df5a8b28)
[Subsystems] Discovering subsystems at path C:/Program Files/Unity/Hub/Editor/2020.2.0f1/Editor/Data/Resources/UnitySubsystems
[Subsystems] Discovering subsystems at path C:/Users/Admin PC/Desktop/GAME3110_Assignment_Server/A1_SimpleServer/Assets
GfxDevice: creating device client; threaded=0
Direct3D:
    Version:  Direct3D 11.0 [level 11.0]
    Renderer: NVIDIA GeForce GTX 745 (ID=0x1382)
    Vendor:   
    VRAM:     4053 MB
    Driver:   30.0.14.9649
Initialize mono
Mono path[0] = 'C:/Program Files/Unity/Hub/Editor/2020.2.0f1/Editor/Data/Managed'
Mono path[1] = 'C:/Program Files/Unity/Hub/Editor/2020.2.0f1/Editor/Data/MonoBleedingEdge/lib/mono/unityjit'
Mono config path = 'C:/Program Files/Unity/Hub/Editor/2020.2.0f1/Editor/Data/MonoBleedingEdge/etc'
Using monoOptions --debugger-agent=transport=dt_socket,embedding=1,server=y,suspend=n,address=127.0.0.1:56528
Begin MonoManager ReloadAssembly
Registering precompiled unity dll's ...
Register platform support module: C:/Program Files/Unity/Hub/Editor/2020.2.0f1/Editor/Data/PlaybackEngines/WindowsStandaloneSupport/UnityEditor.WindowsStandalone.Extensions.dll
Registered in 0.003306 seconds.
Native extension for WindowsStandalone target not found
Refreshing native plugins compatible for Editor in 45.73 ms, found 1 plugins.
Preloading 0 native plugins for Editor in 0.00 ms.
Invoked RoslynAnalysisRunner static constructor.
RoslynAnalysisRunner will not be running.
RoslynAnalysisRunner has terminated.
Mono: successfully reloaded assembly
- Completed reload, in  2.712 seconds
Platform modules already initialized, skipping
Registering precompiled user dll's ...
Registered in 0.001943 seconds.
Begin MonoManager ReloadAssembly
Native extension for WindowsStandalone target not found
Refreshing native plugins compatible for Editor in 49.11 ms, found 1 plugins.
Preloading 0 native plugins for Editor in 0.00 ms.
Invoked RoslynAnalysisRunner static constructor.
RoslynAnalysisRunner will not be running.
RoslynAnalysisRunner has terminated.
Mono: successfully reloaded assembly
- Completed reload, in  1.330 seconds
Platform modules already initialized, skipping
========================================================================
Worker process is ready to serve import requests
Launched and connected shader compiler UnityShaderCompiler.exe after 0.07 seconds
Refreshing native plugins compatible for Editor in 0.40 ms, found 1 plugins.
Preloading 0 native plugins for Editor in 0.00 ms.
Unloading 1788 Unused Serialized files (Serialized files now loaded: 0)
System memory in use before: 83.6 MB.
System memory in use after: 83.5 MB.

Unloading 24 unused Assets to reduce memory usage. Loaded Objects now: 2227.
Total: 2.127200 ms (FindLiveObjects: 0.273200 ms CreateObjectMapping: 0.086300 ms MarkObjects: 1.626500 ms  DeleteObjects: 0.140200 ms)

========================================================================
Received Import Request.
  path: Assets/Scripts/NetworkedServer.cs
  artifactKey: Guid(1cd3c4ea9622fea40ad335c6c2faf338) Importer(815301076,1909f56bfc062723c751e8b465ee728b)
Start importing Assets/Scripts/NetworkedServer.cs using Guid(1cd3c4ea9622fea40ad335c6c2faf338) Importer(815301076,1909f56bfc062723c751e8b465ee728b)  -> (artifact id: '3ae9380681445947b1f090edec86e76b') in 0.051939 seconds
  Import took 0.105651 seconds .

========================================================================
Received Prepare
Registering precompiled user dll's ...
Registered in 0.001692 seconds.
Begin MonoManager ReloadAssembly
Native extension for WindowsStandalone target not found
Refreshing native plugins compatible for Editor in 0.60 ms, found 1 plugins.
Preloading 0 native plugins for Editor in 0.00 ms.
Invoked RoslynAnalysisRunner static constructor.
RoslynAnalysisRunner will not be running.
RoslynAnalysisRunner has terminated.
Mono: successfully reloaded assembly
- Completed reload, in  1.144 seconds
Platform modules already initialized, skipping
Refreshing native plugins compatible for Editor in 0.36 ms, found 1 plugins.
Preloading 0 native plugins for Editor in 0.00 ms.
Unloading 1783 Unused Serialized files (Serialized files now loaded: 0)
System memory in use before: 83.6 MB.
System memory in use after: 83.6 MB.

Unloading 12 unused Assets to reduce memory usage. Loaded Objects now: 2230.
Total: 1.992000 ms (FindLiveObjects: 0.194500 ms CreateObjectMapping: 0.065300 ms MarkObjects: 1.581200 ms  DeleteObjects: 0.149900 ms)

========================================================================
Received Import Request.
  Time since last request: 30.970789 seconds.
  path: Assets/Scripts/NetworkedServer.cs
  artifactKey: Guid(1cd3c4ea9622fea40ad335c6c2faf338) Importer(815301076,1909f56bfc062723c751e8b465ee728b)
Start importing Assets/Scripts/NetworkedServer.cs using Guid(1cd3c4ea9622fea40ad335c6c2faf338) Importer(815301076,1909f56bfc062723c751e8b465ee728b)  -> (artifact id: 'f60506c8a031b67d870bf55122b216fe') in 0.008669 seconds
  Import took 0.024035 seconds .

========================================================================
Received Prepare
Registering precompiled user dll's ...
Registered in 0.002682 seconds.
Begin MonoManager ReloadAssembly
Native extension for WindowsStandalone target not found
Refreshing native plugins compatible for Editor in 0.91 ms, found 1 plugins.
Preloading 0 native plugins for Editor in 0.00 ms.
Invoked RoslynAnalysisRunner static constructor.
RoslynAnalysisRunner will not be running.
RoslynAnalysisRunner has terminated.
Mono: successfully reloaded assembly
- Completed reload, in  1.513 seconds
Platform modules already initialized, skipping
Refreshing native plugins compatible for Editor in 0.81 ms, found 1 plugins.
Preloading 0 native plugins for Editor in 0.00 ms.
Unloading 1783 Unused Serialized files (Serialized files now loaded: 0)
System memory in use before: 83.7 MB.
System memory in use after: 83.7 MB.

Unloading 12 unused Assets to reduce memory usage. Loaded Objects now: 2233.
Total: 3.522100 ms (FindLiveObjects: 0.555700 ms CreateObjectMapping: 0.355400 ms MarkObjects: 2.460000 ms  DeleteObjects: 0.148300 ms)

========================================================================
Received Prepare
Registering precompiled user dll's ...
Registered in 0.001703 seconds.
Begin MonoManager ReloadAssembly
Native extension for WindowsStandalone target not found
Refreshing native plugins compatible for Editor in 0.33 ms, found 1 plugins.
Preloading 0 native plugins for Editor in 0.00 ms.
Invoked RoslynAnalysisRunner static constructor.
RoslynAnalysisRunner will not be running.
RoslynAnalysisRunner has terminated.
Mono: successfully reloaded assembly
- Completed reload, in  0.913 seconds
Platform modules already initialized, skipping
Refreshing native plugins compatible for Editor in 0.34 ms, found 1 plugins.
Preloading 0 native plugins for Editor in 0.00 ms.
Unloading 1783 Unused Serialized files (Serialized files now loaded: 0)
System memory in use before: 83.8 MB.
System memory in use after: 83.8 MB.

Unloading 12 unused Assets to reduce memory usage. Loaded Objects now: 2236.
Total: 2.056200 ms (FindLiveObjects: 0.220300 ms CreateObjectMapping: 0.068300 ms MarkObjects: 1.622300 ms  DeleteObjects: 0.143900 ms)

========================================================================
Received Import Request.
  Time since last request: 278.227550 seconds.
  path: Assets/Scripts/NetworkedServer.cs
  artifactKey: Guid(1cd3c4ea9622fea40ad335c6c2faf338) Importer(815301076,1909f56bfc062723c751e8b465ee728b)
Start importing Assets/Scripts/NetworkedServer.cs using Guid(1cd3c4ea9622fea40ad335c6c2faf338) Importer(815301076,1909f56bfc062723c751e8b465ee728b)  -> (artifact id: 'ca4df457c520bbd59c953e832ab95e55') in 0.008612 seconds
  Import took 0.012357 seconds .

========================================================================
Received Prepare
Registering precompiled user dll's ...
Registered in 0.001622 seconds.
Begin MonoManager ReloadAssembly
Native extension for WindowsStandalone target not found
Refreshing native plugins compatible for Editor in 0.33 ms, found 1 plugins.
Preloading 0 native plugins for Editor in 0.00 ms.
Invoked RoslynAnalysisRunner static constructor.
RoslynAnalysisRunner will not be running.
RoslynAnalysisRunner has terminated.
Mono: successfully reloaded assembly
- Completed reload, in  0.969 seconds
Platform modules already initialized, skipping
Refreshing native plugins compatible for Editor in 0.41 ms, found 1 plugins.
Preloading 0 native plugins for Editor in 0.00 ms.
Unloading 1783 Unused Serialized files (Serialized files now loaded: 0)
System memory in use before: 83.8 MB.
System memory in use after: 83.8 MB.

Unloading 12 unused Assets to reduce memory usage. Loaded Objects now: 2239.
Total: 2.146100 ms (FindLiveObjects: 0.307800 ms CreateObjectMapping: 0.097900 ms MarkObjects: 1.595100 ms  DeleteObjects: 0.143700 ms)

========================================================================
Received Import Request.
  Time since last request: 80.045909 seconds.
  path: Assets/Scripts/NetworkedServer.cs
  artifactKey: Guid(1cd3c4ea9622fea40ad335c6c2faf338) Importer(815301076,1909f56bfc062723c751e8b465ee728b)
Start importing Assets/Scripts/NetworkedServer.cs using Guid(1cd3c4ea9622fea40ad335c6c2faf338) Importer(815301076,1909f56bfc062723c751e8b465ee728b)  -> (artifact id: '63c0566e0e97739736007c54313c3f71') in 0.008860 seconds
  Import took 0.446185 seconds .

========================================================================
Received Prepare
Registering precompiled user dll's ...
Registered in 0.003192 seconds.
Begin MonoManager ReloadAssembly
Native extension for WindowsStandalone target not found
Refreshing native plugins compatible for Editor in 0.48 ms, found 1 plugins.
Preloading 0 native plugins for Editor in 0.00 ms.
Invoked RoslynAnalysisRunner static constructor.
RoslynAnalysisRunner will not be running.
RoslynAnalysisRunner has terminated.
Mono: successfully reloaded assembly
- Completed reload, in  1.606 seconds
Platform modules already initialized, skipping
Refreshing native plugins compatible for Editor in 0.57 ms, found 1 plugins.
Preloading 0 native plugins for Editor in 0.00 ms.
Unloading 1783 Unused Serialized files (Serialized files now loaded: 0)
System memory in use before: 83.9 MB.
System memory in use after: 83.8 MB.

Unloading 12 unused Assets to reduce memory usage. Loaded Objects now: 2242.
Total: 3.150500 ms (FindLiveObjects: 0.313800 ms CreateObjectMapping: 0.122700 ms MarkObjects: 2.525300 ms  DeleteObjects: 0.185800 ms)

========================================================================
Received Prepare
Registering precompiled user dll's ...
Registered in 0.002595 seconds.
Begin MonoManager ReloadAssembly
Native extension for WindowsStandalone target not found
Refreshing native plugins compatible for Editor in 0.94 ms, found 1 plugins.
Preloading 0 native plugins for Editor in 0.00 ms.
Invoked RoslynAnalysisRunner static constructor.
RoslynAnalysisRunner will not be running.
RoslynAnalysisRunner has terminated.
Mono: successfully reloaded assembly
- Completed reload, in  1.800 seconds
Platform modules already initialized, skipping
Refreshing native plugins compatible for Editor in 0.74 ms, found 1 plugins.
Preloading 0 native plugins for Editor in 0.00 ms.
Unloading 1783 Unused Serialized files (Serialized files now loaded: 0)
System memory in use before: 83.9 MB.
System memory in use after: 83.9 MB.

Unloading 12 unused Assets to reduce memory usage. Loaded Objects now: 2245.
Total: 3.749400 ms (FindLiveObjects: 0.566700 ms CreateObjectMapping: 0.125800 ms MarkObjects: 2.852100 ms  DeleteObjects: 0.202700 ms)

AssetImportWorkerClient::OnTransportError - code=2 error=End of file
