Using pre-set license
Built from '2020.2/release' branch; Version is '2020.2.0f1 (3721df5a8b28) revision 3613151'; Using compiler version '192528614'; Build Type 'Release'
OS: 'Windows 10  (10.0.0) 64bit' Language: 'en' Physical Memory: 12109 MB
BatchMode: 1, IsHumanControllingUs: 0, StartBugReporterOnCrash: 0, Is64bit: 1, IsPro: 0

 COMMAND LINE ARGUMENTS:
C:\Program Files\Unity\Hub\Editor\2020.2.0f1\Editor\Unity.exe
-adb2
-batchMode
-noUpm
-name
AssetImportWorker7
-projectPath
C:/Users/Admin PC/Desktop/GAME3110_Assignment_Server/A1_SimpleServer
-logFile
Logs/AssetImportWorker7.log
-srvPort
59788
Successfully changed project path to: C:/Users/Admin PC/Desktop/GAME3110_Assignment_Server/A1_SimpleServer
C:/Users/Admin PC/Desktop/GAME3110_Assignment_Server/A1_SimpleServer
Using Asset Import Pipeline V2.
Refreshing native plugins compatible for Editor in 40.44 ms, found 1 plugins.
Preloading 0 native plugins for Editor in 0.00 ms.
Initialize engine version: 2020.2.0f1 (3721df5a8b28)
[Subsystems] Discovering subsystems at path C:/Program Files/Unity/Hub/Editor/2020.2.0f1/Editor/Data/Resources/UnitySubsystems
[Subsystems] Discovering subsystems at path C:/Users/Admin PC/Desktop/GAME3110_Assignment_Server/A1_SimpleServer/Assets
GfxDevice: creating device client; threaded=0
Direct3D:
    Version:  Direct3D 11.0 [level 11.0]
    Renderer: NVIDIA GeForce GTX 745 (ID=0x1382)
    Vendor:   
    VRAM:     4053 MB
    Driver:   30.0.14.9649
Initialize mono
Mono path[0] = 'C:/Program Files/Unity/Hub/Editor/2020.2.0f1/Editor/Data/Managed'
Mono path[1] = 'C:/Program Files/Unity/Hub/Editor/2020.2.0f1/Editor/Data/MonoBleedingEdge/lib/mono/unityjit'
Mono config path = 'C:/Program Files/Unity/Hub/Editor/2020.2.0f1/Editor/Data/MonoBleedingEdge/etc'
Using monoOptions --debugger-agent=transport=dt_socket,embedding=1,server=y,suspend=n,address=127.0.0.1:56340
Begin MonoManager ReloadAssembly
Registering precompiled unity dll's ...
Register platform support module: C:/Program Files/Unity/Hub/Editor/2020.2.0f1/Editor/Data/PlaybackEngines/WindowsStandaloneSupport/UnityEditor.WindowsStandalone.Extensions.dll
Registered in 0.002992 seconds.
Native extension for WindowsStandalone target not found
Refreshing native plugins compatible for Editor in 34.98 ms, found 1 plugins.
Preloading 0 native plugins for Editor in 0.00 ms.
Invoked RoslynAnalysisRunner static constructor.
RoslynAnalysisRunner will not be running.
RoslynAnalysisRunner has terminated.
Mono: successfully reloaded assembly
- Completed reload, in  2.307 seconds
Platform modules already initialized, skipping
Registering precompiled user dll's ...
Registered in 0.001932 seconds.
Begin MonoManager ReloadAssembly
Native extension for WindowsStandalone target not found
Refreshing native plugins compatible for Editor in 57.82 ms, found 1 plugins.
Preloading 0 native plugins for Editor in 0.00 ms.
Invoked RoslynAnalysisRunner static constructor.
RoslynAnalysisRunner will not be running.
RoslynAnalysisRunner has terminated.
Mono: successfully reloaded assembly
- Completed reload, in 11.246 seconds
Platform modules already initialized, skipping
========================================================================
Worker process is ready to serve import requests
Launched and connected shader compiler UnityShaderCompiler.exe after 0.10 seconds
Refreshing native plugins compatible for Editor in 0.38 ms, found 1 plugins.
Preloading 0 native plugins for Editor in 0.00 ms.
Unloading 1788 Unused Serialized files (Serialized files now loaded: 0)
System memory in use before: 83.6 MB.
System memory in use after: 83.5 MB.

Unloading 24 unused Assets to reduce memory usage. Loaded Objects now: 2227.
Total: 2.722800 ms (FindLiveObjects: 0.539600 ms CreateObjectMapping: 0.136300 ms MarkObjects: 1.868100 ms  DeleteObjects: 0.177300 ms)

========================================================================
Received Import Request.
  path: Assets/Scripts/NetworkedServer.cs
  artifactKey: Guid(1cd3c4ea9622fea40ad335c6c2faf338) Importer(815301076,1909f56bfc062723c751e8b465ee728b)
Start importing Assets/Scripts/NetworkedServer.cs using Guid(1cd3c4ea9622fea40ad335c6c2faf338) Importer(815301076,1909f56bfc062723c751e8b465ee728b)  -> (artifact id: '8b7a365dae74d7daa068ab0676ba5347') in 0.107579 seconds
  Import took 0.301800 seconds .

========================================================================
Received Import Request.
  Time since last request: 477.737804 seconds.
  path: Assets/Scripts/NetworkedServer.cs
  artifactKey: Guid(1cd3c4ea9622fea40ad335c6c2faf338) Importer(815301076,1909f56bfc062723c751e8b465ee728b)
Start importing Assets/Scripts/NetworkedServer.cs using Guid(1cd3c4ea9622fea40ad335c6c2faf338) Importer(815301076,1909f56bfc062723c751e8b465ee728b)  -> (artifact id: '7fc162016c9ca7389e891c13a881b1bf') in 0.012910 seconds
  Import took 0.027293 seconds .

========================================================================
Received Import Request.
  Time since last request: 0.151363 seconds.
  path: Assets/Scripts/NetworkedServer.cs
  artifactKey: Guid(1cd3c4ea9622fea40ad335c6c2faf338) Importer(815301076,1909f56bfc062723c751e8b465ee728b)
Start importing Assets/Scripts/NetworkedServer.cs using Guid(1cd3c4ea9622fea40ad335c6c2faf338) Importer(815301076,1909f56bfc062723c751e8b465ee728b)  -> (artifact id: '7fc162016c9ca7389e891c13a881b1bf') in 0.007717 seconds
  Import took 0.078435 seconds .

========================================================================
Received Prepare
Registering precompiled user dll's ...
Registered in 0.001528 seconds.
Begin MonoManager ReloadAssembly
Native extension for WindowsStandalone target not found
Refreshing native plugins compatible for Editor in 0.35 ms, found 1 plugins.
Preloading 0 native plugins for Editor in 0.00 ms.
Invoked RoslynAnalysisRunner static constructor.
RoslynAnalysisRunner will not be running.
RoslynAnalysisRunner has terminated.
Mono: successfully reloaded assembly
- Completed reload, in  0.970 seconds
Platform modules already initialized, skipping
Refreshing native plugins compatible for Editor in 0.41 ms, found 1 plugins.
Preloading 0 native plugins for Editor in 0.00 ms.
Unloading 1783 Unused Serialized files (Serialized files now loaded: 0)
System memory in use before: 83.6 MB.
System memory in use after: 83.6 MB.

Unloading 12 unused Assets to reduce memory usage. Loaded Objects now: 2230.
Total: 2.937700 ms (FindLiveObjects: 0.206000 ms CreateObjectMapping: 0.064700 ms MarkObjects: 2.360900 ms  DeleteObjects: 0.304800 ms)

========================================================================
Received Prepare
Registering precompiled user dll's ...
Registered in 0.002237 seconds.
Begin MonoManager ReloadAssembly
Native extension for WindowsStandalone target not found
Refreshing native plugins compatible for Editor in 0.39 ms, found 1 plugins.
Preloading 0 native plugins for Editor in 0.00 ms.
Invoked RoslynAnalysisRunner static constructor.
RoslynAnalysisRunner will not be running.
RoslynAnalysisRunner has terminated.
Mono: successfully reloaded assembly
- Completed reload, in  1.017 seconds
Platform modules already initialized, skipping
Refreshing native plugins compatible for Editor in 0.42 ms, found 1 plugins.
Preloading 0 native plugins for Editor in 0.00 ms.
Unloading 1783 Unused Serialized files (Serialized files now loaded: 0)
System memory in use before: 83.7 MB.
System memory in use after: 83.7 MB.

Unloading 12 unused Assets to reduce memory usage. Loaded Objects now: 2233.
Total: 2.295500 ms (FindLiveObjects: 0.217700 ms CreateObjectMapping: 0.087800 ms MarkObjects: 1.867800 ms  DeleteObjects: 0.121000 ms)

========================================================================
Received Import Request.
  Time since last request: 3914.690545 seconds.
  path: Assets/Scripts/NetworkedServer.cs
  artifactKey: Guid(1cd3c4ea9622fea40ad335c6c2faf338) Importer(815301076,1909f56bfc062723c751e8b465ee728b)
Start importing Assets/Scripts/NetworkedServer.cs using Guid(1cd3c4ea9622fea40ad335c6c2faf338) Importer(815301076,1909f56bfc062723c751e8b465ee728b)  -> (artifact id: 'd9f35f19abcaadb10f1311a8d4dcd19e') in 0.011018 seconds
  Import took 0.024474 seconds .

========================================================================
Received Import Request.
  Time since last request: 0.020236 seconds.
  path: Assets/Scripts/NetworkedServer.cs
  artifactKey: Guid(1cd3c4ea9622fea40ad335c6c2faf338) Importer(815301076,1909f56bfc062723c751e8b465ee728b)
Start importing Assets/Scripts/NetworkedServer.cs using Guid(1cd3c4ea9622fea40ad335c6c2faf338) Importer(815301076,1909f56bfc062723c751e8b465ee728b)  -> (artifact id: 'd9f35f19abcaadb10f1311a8d4dcd19e') in 0.008632 seconds
  Import took 0.013070 seconds .

========================================================================
Received Prepare
Registering precompiled user dll's ...
Registered in 0.001483 seconds.
Begin MonoManager ReloadAssembly
Native extension for WindowsStandalone target not found
Refreshing native plugins compatible for Editor in 0.36 ms, found 1 plugins.
Preloading 0 native plugins for Editor in 0.00 ms.
Invoked RoslynAnalysisRunner static constructor.
RoslynAnalysisRunner will not be running.
RoslynAnalysisRunner has terminated.
Mono: successfully reloaded assembly
- Completed reload, in  1.224 seconds
Platform modules already initialized, skipping
Refreshing native plugins compatible for Editor in 0.64 ms, found 1 plugins.
Preloading 0 native plugins for Editor in 0.00 ms.
Unloading 1783 Unused Serialized files (Serialized files now loaded: 0)
System memory in use before: 83.8 MB.
System memory in use after: 83.8 MB.

Unloading 12 unused Assets to reduce memory usage. Loaded Objects now: 2236.
Total: 2.303900 ms (FindLiveObjects: 0.407300 ms CreateObjectMapping: 0.098700 ms MarkObjects: 1.645100 ms  DeleteObjects: 0.131000 ms)

========================================================================
Received Prepare
Registering precompiled user dll's ...
Registered in 0.002392 seconds.
Begin MonoManager ReloadAssembly
Native extension for WindowsStandalone target not found
Refreshing native plugins compatible for Editor in 0.47 ms, found 1 plugins.
Preloading 0 native plugins for Editor in 0.00 ms.
Invoked RoslynAnalysisRunner static constructor.
RoslynAnalysisRunner will not be running.
RoslynAnalysisRunner has terminated.
Mono: successfully reloaded assembly
- Completed reload, in  1.411 seconds
Platform modules already initialized, skipping
Refreshing native plugins compatible for Editor in 0.71 ms, found 1 plugins.
Preloading 0 native plugins for Editor in 0.00 ms.
Unloading 1783 Unused Serialized files (Serialized files now loaded: 0)
System memory in use before: 83.8 MB.
System memory in use after: 83.8 MB.

Unloading 12 unused Assets to reduce memory usage. Loaded Objects now: 2239.
Total: 3.336200 ms (FindLiveObjects: 0.252100 ms CreateObjectMapping: 0.103000 ms MarkObjects: 2.790300 ms  DeleteObjects: 0.188700 ms)

========================================================================
Received Prepare
Registering precompiled user dll's ...
Registered in 0.002591 seconds.
Begin MonoManager ReloadAssembly
Native extension for WindowsStandalone target not found
Refreshing native plugins compatible for Editor in 0.70 ms, found 1 plugins.
Preloading 0 native plugins for Editor in 0.00 ms.
Invoked RoslynAnalysisRunner static constructor.
RoslynAnalysisRunner will not be running.
RoslynAnalysisRunner has terminated.
Mono: successfully reloaded assembly
- Completed reload, in  1.126 seconds
Platform modules already initialized, skipping
Refreshing native plugins compatible for Editor in 0.33 ms, found 1 plugins.
Preloading 0 native plugins for Editor in 0.00 ms.
Unloading 1783 Unused Serialized files (Serialized files now loaded: 0)
System memory in use before: 83.9 MB.
System memory in use after: 83.9 MB.

Unloading 12 unused Assets to reduce memory usage. Loaded Objects now: 2242.
Total: 2.456200 ms (FindLiveObjects: 0.388800 ms CreateObjectMapping: 0.121100 ms MarkObjects: 1.818200 ms  DeleteObjects: 0.126600 ms)

AssetImportWorkerClient::OnTransportError - code=2 error=End of file
